<?xml version="1.0" encoding="UTF-8"?>
<testng-results ignored="0" total="2" passed="1" failed="1" skipped="0">
  <reporter-output>
  </reporter-output>
  <suite started-at="2023-07-14T11:22:46 IST" name="RigbotSuite" finished-at="2023-07-14T11:24:49 IST" duration-ms="122668">
    <groups>
    </groups>
    <test started-at="2023-07-14T11:22:46 IST" name="RigbotTest" finished-at="2023-07-14T11:24:49 IST" duration-ms="122668">
      <class name="testCases.RB_loadcreationDDT_002">
        <test-method is-config="true" signature="setUp(java.lang.String)[pri:0, instance:testCases.RB_loadcreationDDT_002@74e52ef6]" started-at="2023-07-14T11:22:46 IST" name="setUp" finished-at="2023-07-14T11:22:57 IST" duration-ms="10717" status="PASS">
          <params>
            <param index="0">
              <value>
                <![CDATA[chrome]]>
              </value>
            </param>
          </params>
          <reporter-output>
          </reporter-output>
        </test-method> <!-- setUp -->
        <test-method signature="test_loadDDT(java.lang.String,java.lang.String,java.lang.String,java.lang.String,java.lang.String,java.lang.String,java.lang.String,java.lang.String,java.lang.String,java.lang.String,java.lang.String,java.lang.String,java.lang.String,java.lang.String,java.lang.String,java.lang.String,java.lang.String,java.lang.String,java.lang.String,java.lang.String,java.lang.String,java.lang.String,java.lang.String,java.lang.String,java.lang.String,java.lang.String,java.lang.String,java.lang.String)[pri:0, instance:testCases.RB_loadcreationDDT_002@74e52ef6]" started-at="2023-07-14T11:23:01 IST" name="test_loadDDT" data-provider="LoadData" finished-at="2023-07-14T11:24:02 IST" duration-ms="61076" status="FAIL">
          <params>
            <param index="0">
              <value>
                <![CDATA[379971]]>
              </value>
            </param>
            <param index="1">
              <value>
                <![CDATA[Best international]]>
              </value>
            </param>
            <param index="2">
              <value>
                <![CDATA[Any Equipment]]>
              </value>
            </param>
            <param index="3">
              <value>
                <![CDATA[Fragile]]>
              </value>
            </param>
            <param index="4">
              <value>
                <![CDATA[LTL]]>
              </value>
            </param>
            <param index="5">
              <value>
                <![CDATA[30]]>
              </value>
            </param>
            <param index="6">
              <value>
                <![CDATA[4]]>
              </value>
            </param>
            <param index="7">
              <value>
                <![CDATA[15]]>
              </value>
            </param>
            <param index="8">
              <value>
                <![CDATA[34]]>
              </value>
            </param>
            <param index="9">
              <value>
                <![CDATA[Dwhite pastures]]>
              </value>
            </param>
            <param index="10">
              <value>
                <![CDATA[On]]>
              </value>
            </param>
            <param index="11">
              <value>
                <![CDATA[07/20/2023]]>
              </value>
            </param>
            <param index="12">
              <value>
                <![CDATA[]]>
              </value>
            </param>
            <param index="13">
              <value>
                <![CDATA[]]>
              </value>
            </param>
            <param index="14">
              <value>
                <![CDATA[At]]>
              </value>
            </param>
            <param index="15">
              <value>
                <![CDATA[12:00 pm]]>
              </value>
            </param>
            <param index="16">
              <value>
                <![CDATA[]]>
              </value>
            </param>
            <param index="17">
              <value>
                <![CDATA[]]>
              </value>
            </param>
            <param index="18">
              <value>
                <![CDATA[Adam Shipper]]>
              </value>
            </param>
            <param index="19">
              <value>
                <![CDATA[On]]>
              </value>
            </param>
            <param index="20">
              <value>
                <![CDATA[07/22/2023]]>
              </value>
            </param>
            <param index="21">
              <value>
                <![CDATA[]]>
              </value>
            </param>
            <param index="22">
              <value>
                <![CDATA[]]>
              </value>
            </param>
            <param index="23">
              <value>
                <![CDATA[After]]>
              </value>
            </param>
            <param index="24">
              <value>
                <![CDATA[12:00 pm]]>
              </value>
            </param>
            <param index="25">
              <value>
                <![CDATA[]]>
              </value>
            </param>
            <param index="26">
              <value>
                <![CDATA[]]>
              </value>
            </param>
            <param index="27">
              <value>
                <![CDATA[Invalid]]>
              </value>
            </param>
          </params>
          <exception class="java.lang.AssertionError">
            <message>
              <![CDATA[null]]>
            </message>
            <full-stacktrace>
              <![CDATA[java.lang.AssertionError: null
at org.testng.Assert.fail(Assert.java:111)
at org.testng.Assert.fail(Assert.java:116)
at testCases.RB_loadcreationDDT_002.test_loadDDT(RB_loadcreationDDT_002.java:111)
at java.base/jdk.internal.reflect.NativeMethodAccessorImpl.invoke0(Native Method)
at java.base/jdk.internal.reflect.NativeMethodAccessorImpl.invoke(NativeMethodAccessorImpl.java:77)
at java.base/jdk.internal.reflect.DelegatingMethodAccessorImpl.invoke(DelegatingMethodAccessorImpl.java:43)
at java.base/java.lang.reflect.Method.invoke(Method.java:568)
at org.testng.internal.invokers.MethodInvocationHelper.invokeMethod(MethodInvocationHelper.java:139)
at org.testng.internal.invokers.TestInvoker.invokeMethod(TestInvoker.java:664)
at org.testng.internal.invokers.TestInvoker.invokeTestMethod(TestInvoker.java:227)
at org.testng.internal.invokers.MethodRunner.runInSequence(MethodRunner.java:50)
at org.testng.internal.invokers.TestInvoker$MethodInvocationAgent.invoke(TestInvoker.java:957)
at org.testng.internal.invokers.TestInvoker.invokeTestMethods(TestInvoker.java:200)
at org.testng.internal.invokers.TestMethodWorker.invokeTestMethods(TestMethodWorker.java:148)
at org.testng.internal.invokers.TestMethodWorker.run(TestMethodWorker.java:128)
at java.base/java.util.ArrayList.forEach(ArrayList.java:1511)
at org.testng.TestRunner.privateRun(TestRunner.java:848)
at org.testng.TestRunner.run(TestRunner.java:621)
at org.testng.SuiteRunner.runTest(SuiteRunner.java:443)
at org.testng.SuiteRunner.runSequentially(SuiteRunner.java:437)
at org.testng.SuiteRunner.privateRun(SuiteRunner.java:397)
at org.testng.SuiteRunner.run(SuiteRunner.java:336)
at org.testng.SuiteRunnerWorker.runSuite(SuiteRunnerWorker.java:52)
at org.testng.SuiteRunnerWorker.run(SuiteRunnerWorker.java:95)
at org.testng.TestNG.runSuitesSequentially(TestNG.java:1280)
at org.testng.TestNG.runSuitesLocally(TestNG.java:1200)
at org.testng.TestNG.runSuites(TestNG.java:1114)
at org.testng.TestNG.run(TestNG.java:1082)
at org.testng.remote.AbstractRemoteTestNG.run(AbstractRemoteTestNG.java:115)
at org.testng.remote.RemoteTestNG.initAndRun(RemoteTestNG.java:251)
at org.testng.remote.RemoteTestNG.main(RemoteTestNG.java:77)
]]>
            </full-stacktrace>
          </exception> <!-- java.lang.AssertionError -->
          <reporter-output>
          </reporter-output>
        </test-method> <!-- test_loadDDT -->
        <test-method signature="test_loadDDT(java.lang.String,java.lang.String,java.lang.String,java.lang.String,java.lang.String,java.lang.String,java.lang.String,java.lang.String,java.lang.String,java.lang.String,java.lang.String,java.lang.String,java.lang.String,java.lang.String,java.lang.String,java.lang.String,java.lang.String,java.lang.String,java.lang.String,java.lang.String,java.lang.String,java.lang.String,java.lang.String,java.lang.String,java.lang.String,java.lang.String,java.lang.String,java.lang.String)[pri:0, instance:testCases.RB_loadcreationDDT_002@74e52ef6]" started-at="2023-07-14T11:24:03 IST" name="test_loadDDT" data-provider="LoadData" finished-at="2023-07-14T11:24:48 IST" duration-ms="44929" status="PASS">
          <params>
            <param index="0">
              <value>
                <![CDATA[379972]]>
              </value>
            </param>
            <param index="1">
              <value>
                <![CDATA[Jackiechan]]>
              </value>
            </param>
            <param index="2">
              <value>
                <![CDATA[Air Freight]]>
              </value>
            </param>
            <param index="3">
              <value>
                <![CDATA[Refrigerated]]>
              </value>
            </param>
            <param index="4">
              <value>
                <![CDATA[Pallets]]>
              </value>
            </param>
            <param index="5">
              <value>
                <![CDATA[56]]>
              </value>
            </param>
            <param index="6">
              <value>
                <![CDATA[2]]>
              </value>
            </param>
            <param index="7">
              <value>
                <![CDATA[13]]>
              </value>
            </param>
            <param index="8">
              <value>
                <![CDATA[23]]>
              </value>
            </param>
            <param index="9">
              <value>
                <![CDATA[sadfsdf]]>
              </value>
            </param>
            <param index="10">
              <value>
                <![CDATA[Between]]>
              </value>
            </param>
            <param index="11">
              <value>
                <![CDATA[]]>
              </value>
            </param>
            <param index="12">
              <value>
                <![CDATA[08/20/2023]]>
              </value>
            </param>
            <param index="13">
              <value>
                <![CDATA[08/21/2023]]>
              </value>
            </param>
            <param index="14">
              <value>
                <![CDATA[Before]]>
              </value>
            </param>
            <param index="15">
              <value>
                <![CDATA[12:00 pm]]>
              </value>
            </param>
            <param index="16">
              <value>
                <![CDATA[]]>
              </value>
            </param>
            <param index="17">
              <value>
                <![CDATA[]]>
              </value>
            </param>
            <param index="18">
              <value>
                <![CDATA[madhu1]]>
              </value>
            </param>
            <param index="19">
              <value>
                <![CDATA[Between]]>
              </value>
            </param>
            <param index="20">
              <value>
                <![CDATA[]]>
              </value>
            </param>
            <param index="21">
              <value>
                <![CDATA[08/22/2023]]>
              </value>
            </param>
            <param index="22">
              <value>
                <![CDATA[08/24/2023]]>
              </value>
            </param>
            <param index="23">
              <value>
                <![CDATA[Between]]>
              </value>
            </param>
            <param index="24">
              <value>
                <![CDATA[]]>
              </value>
            </param>
            <param index="25">
              <value>
                <![CDATA[12:00 pm]]>
              </value>
            </param>
            <param index="26">
              <value>
                <![CDATA[04:00 pm]]>
              </value>
            </param>
            <param index="27">
              <value>
                <![CDATA[Valid]]>
              </value>
            </param>
          </params>
          <reporter-output>
          </reporter-output>
        </test-method> <!-- test_loadDDT -->
        <test-method is-config="true" signature="tearDown()[pri:0, instance:testCases.RB_loadcreationDDT_002@74e52ef6]" started-at="2023-07-14T11:24:48 IST" name="tearDown" finished-at="2023-07-14T11:24:49 IST" duration-ms="1144" status="PASS">
          <reporter-output>
          </reporter-output>
        </test-method> <!-- tearDown -->
      </class> <!-- testCases.RB_loadcreationDDT_002 -->
    </test> <!-- RigbotTest -->
  </suite> <!-- RigbotSuite -->
</testng-results>
