<?xml version="1.0" encoding="UTF-8"?>
<!-- Generated by org.testng.reporters.JUnitXMLReporter -->
<testsuite ignored="0" hostname="LAPTOP-ERTU336G" failures="1" tests="2" name="RigbotTest" time="122.668" errors="0" timestamp="2023-07-14T11:24:49 IST">
  <testcase classname="testCases.RB_loadcreationDDT_002" name="test_loadDDT" time="61.076">
    <failure type="java.lang.AssertionError" message="null">
      <![CDATA[java.lang.AssertionError: null
at testCases.RB_loadcreationDDT_002.test_loadDDT(RB_loadcreationDDT_002.java:111)
at java.base/java.util.ArrayList.forEach(ArrayList.java:1511)
... Removed 29 stack frames]]>
    </failure>
  </testcase> <!-- test_loadDDT -->
  <testcase classname="testCases.RB_loadcreationDDT_002" name="test_loadDDT" time="44.929"/>
</testsuite> <!-- RigbotTest -->
