<?xml version="1.0" encoding="UTF-8"?>
<!-- Generated by org.testng.reporters.JUnitXMLReporter -->
<testsuite ignored="0" hostname="LAPTOP-ERTU336G" failures="1" tests="1" name="RigbotTest" time="59.414" errors="0" timestamp="2023-07-17T15:34:11 IST">
  <testcase classname="testCases.RB_loadcreationtest_001" name="test_loadCreation" time="43.197">
    <failure type="java.lang.AssertionError" message="null">
      <![CDATA[java.lang.AssertionError: null
at testCases.RB_loadcreationtest_001.test_loadCreation(RB_loadcreationtest_001.java:80)
at java.base/java.util.ArrayList.forEach(ArrayList.java:1511)
... Removed 29 stack frames]]>
    </failure>
  </testcase> <!-- test_loadCreation -->
</testsuite> <!-- RigbotTest -->
